e:\odb\libodb-pgsql-2.4.0\odb\pgsql\x64\debug\vc141.pdb
e:\odb\libodb-pgsql-2.4.0\odb\pgsql\x64\debug\vc141.idb
e:\odb\libodb-pgsql-2.4.0\odb\pgsql\x64\debug\auto-handle.obj
e:\odb\libodb-pgsql-2.4.0\odb\pgsql\x64\debug\connection.obj
e:\odb\libodb-pgsql-2.4.0\odb\pgsql\x64\debug\connection-factory.obj
e:\odb\libodb-pgsql-2.4.0\odb\pgsql\x64\debug\database.obj
e:\odb\libodb-pgsql-2.4.0\odb\pgsql\x64\debug\error.obj
e:\odb\libodb-pgsql-2.4.0\odb\pgsql\x64\debug\exceptions.obj
e:\odb\libodb-pgsql-2.4.0\odb\pgsql\x64\debug\prepared-query.obj
e:\odb\libodb-pgsql-2.4.0\odb\pgsql\x64\debug\query.obj
e:\odb\libodb-pgsql-2.4.0\odb\pgsql\x64\debug\query-dynamic.obj
e:\odb\libodb-pgsql-2.4.0\odb\pgsql\x64\debug\query-const-expr.obj
e:\odb\libodb-pgsql-2.4.0\odb\pgsql\x64\debug\statement.obj
e:\odb\libodb-pgsql-2.4.0\odb\pgsql\x64\debug\statements-base.obj
e:\odb\libodb-pgsql-2.4.0\odb\pgsql\x64\debug\tracer.obj
e:\odb\libodb-pgsql-2.4.0\odb\pgsql\x64\debug\traits.obj
e:\odb\libodb-pgsql-2.4.0\odb\pgsql\x64\debug\transaction.obj
e:\odb\libodb-pgsql-2.4.0\odb\pgsql\x64\debug\transaction-impl.obj
e:\odb\libodb-pgsql-2.4.0\odb\pgsql\x64\debug\libodb-p.b6185c00.tlog\cl.command.1.tlog
e:\odb\libodb-pgsql-2.4.0\odb\pgsql\x64\debug\libodb-p.b6185c00.tlog\cl.read.1.tlog
e:\odb\libodb-pgsql-2.4.0\odb\pgsql\x64\debug\libodb-p.b6185c00.tlog\cl.write.1.tlog
